2020-08-03 08:51:59,017 INFO org.springframework.context.support.AbstractApplicationContext [main] Refreshing org.springframework.context.annotation.AnnotationConfigApplicationContext@1f2586d6: startup date [Mon Aug 03 08:51:59 SGT 2020]; root of context hierarchy
2020-08-03 08:51:59,394 INFO org.springframework.beans.factory.annotation.AutowiredAnnotationBeanPostProcessor [main] JSR-330 'javax.inject.Inject' annotation found and supported for autowiring
2020-08-03 08:51:59,453 INFO org.springframework.context.support.PostProcessorRegistrationDelegate$BeanPostProcessorChecker [main] Bean 'configurationPropertiesRebinderAutoConfiguration' of type [org.springframework.cloud.autoconfigure.ConfigurationPropertiesRebinderAutoConfiguration$$EnhancerBySpringCGLIB$$b8cd12ee] is not eligible for getting processed by all BeanPostProcessors (for example: not eligible for auto-proxying)
2020-08-03 08:52:03,291 INFO org.springframework.boot.SpringApplication [main] No active profile set, falling back to default profiles: default
2020-08-03 08:52:03,317 INFO org.springframework.context.support.AbstractApplicationContext [main] Refreshing org.springframework.boot.web.servlet.context.AnnotationConfigServletWebServerApplicationContext@352c1b98: startup date [Mon Aug 03 08:52:03 SGT 2020]; parent: org.springframework.context.annotation.AnnotationConfigApplicationContext@1f2586d6
2020-08-03 08:52:04,809 INFO org.springframework.beans.factory.support.DefaultListableBeanFactory [main] Overriding bean definition for bean 'dataSource' with a different definition: replacing [Root bean: class [null]; scope=refresh; abstract=false; lazyInit=false; autowireMode=3; dependencyCheck=0; autowireCandidate=false; primary=false; factoryBeanName=org.springframework.boot.autoconfigure.jdbc.DataSourceConfiguration$Hikari; factoryMethodName=dataSource; initMethodName=null; destroyMethodName=(inferred); defined in class path resource [org/springframework/boot/autoconfigure/jdbc/DataSourceConfiguration$Hikari.class]] with [Root bean: class [org.springframework.aop.scope.ScopedProxyFactoryBean]; scope=; abstract=false; lazyInit=false; autowireMode=0; dependencyCheck=0; autowireCandidate=true; primary=false; factoryBeanName=null; factoryMethodName=null; initMethodName=null; destroyMethodName=null; defined in BeanDefinition defined in class path resource [org/springframework/boot/autoconfigure/jdbc/DataSourceConfiguration$Hikari.class]]
2020-08-03 08:52:05,002 INFO org.springframework.cloud.context.scope.GenericScope [main] BeanFactory id=0880db99-e6af-3961-aa8c-d378a403f561
2020-08-03 08:52:05,043 INFO org.springframework.beans.factory.annotation.AutowiredAnnotationBeanPostProcessor [main] JSR-330 'javax.inject.Inject' annotation found and supported for autowiring
2020-08-03 08:52:05,248 INFO org.springframework.context.support.PostProcessorRegistrationDelegate$BeanPostProcessorChecker [main] Bean 'org.springframework.transaction.annotation.ProxyTransactionManagementConfiguration' of type [org.springframework.transaction.annotation.ProxyTransactionManagementConfiguration$$EnhancerBySpringCGLIB$$9cb30ff1] is not eligible for getting processed by all BeanPostProcessors (for example: not eligible for auto-proxying)
2020-08-03 08:52:05,328 INFO org.springframework.context.support.PostProcessorRegistrationDelegate$BeanPostProcessorChecker [main] Bean 'org.springframework.cloud.autoconfigure.ConfigurationPropertiesRebinderAutoConfiguration' of type [org.springframework.cloud.autoconfigure.ConfigurationPropertiesRebinderAutoConfiguration$$EnhancerBySpringCGLIB$$b8cd12ee] is not eligible for getting processed by all BeanPostProcessors (for example: not eligible for auto-proxying)
2020-08-03 08:52:05,829 INFO org.springframework.boot.web.embedded.tomcat.TomcatWebServer [main] Tomcat initialized with port(s): 8080 (http)
2020-08-03 08:52:05,861 INFO org.apache.juli.logging.DirectJDKLog [main] Initializing ProtocolHandler ["http-nio-8080"]
2020-08-03 08:52:05,881 INFO org.apache.juli.logging.DirectJDKLog [main] Starting service [Tomcat]
2020-08-03 08:52:05,881 INFO org.apache.juli.logging.DirectJDKLog [main] Starting Servlet Engine: Apache Tomcat/8.5.31
2020-08-03 08:52:05,891 INFO org.apache.juli.logging.DirectJDKLog [localhost-startStop-1] Loaded APR based Apache Tomcat Native library [1.2.17] using APR version [1.6.3].
2020-08-03 08:52:05,893 INFO org.apache.juli.logging.DirectJDKLog [localhost-startStop-1] APR capabilities: IPv6 [true], sendfile [true], accept filters [false], random [true].
2020-08-03 08:52:05,893 INFO org.apache.juli.logging.DirectJDKLog [localhost-startStop-1] APR/OpenSSL configuration: useAprConnector [false], useOpenSSL [true]
2020-08-03 08:52:07,041 INFO org.apache.juli.logging.DirectJDKLog [localhost-startStop-1] OpenSSL successfully initialized [OpenSSL 1.0.2o  27 Mar 2018]
2020-08-03 08:52:07,376 INFO org.apache.juli.logging.DirectJDKLog [localhost-startStop-1] Initializing Spring embedded WebApplicationContext
2020-08-03 08:52:07,377 INFO org.springframework.boot.web.servlet.context.ServletWebServerApplicationContext [localhost-startStop-1] Root WebApplicationContext: initialization completed in 4060 ms
2020-08-03 08:52:07,766 INFO org.springframework.boot.web.servlet.ServletRegistrationBean [localhost-startStop-1] Servlet dispatcherServlet mapped to [/]
2020-08-03 08:52:07,769 INFO org.springframework.boot.web.servlet.ServletRegistrationBean [localhost-startStop-1] Servlet webServlet mapped to [/h2/*]
2020-08-03 08:52:07,778 INFO org.springframework.boot.web.servlet.AbstractFilterRegistrationBean [localhost-startStop-1] Mapping filter: 'characterEncodingFilter' to: [/*]
2020-08-03 08:52:07,779 INFO org.springframework.boot.web.servlet.AbstractFilterRegistrationBean [localhost-startStop-1] Mapping filter: 'hiddenHttpMethodFilter' to: [/*]
2020-08-03 08:52:07,780 INFO org.springframework.boot.web.servlet.AbstractFilterRegistrationBean [localhost-startStop-1] Mapping filter: 'httpPutFormContentFilter' to: [/*]
2020-08-03 08:52:07,780 INFO org.springframework.boot.web.servlet.AbstractFilterRegistrationBean [localhost-startStop-1] Mapping filter: 'requestContextFilter' to: [/*]
2020-08-03 08:52:08,289 INFO com.zaxxer.hikari.HikariDataSource [main] HikariPool-1 - Starting...
2020-08-03 08:52:08,658 INFO com.zaxxer.hikari.HikariDataSource [main] HikariPool-1 - Start completed.
2020-08-03 08:52:09,003 INFO org.springframework.orm.jpa.LocalContainerEntityManagerFactoryBean [main] Building JPA container EntityManagerFactory for persistence unit 'default'
2020-08-03 08:52:09,042 INFO org.hibernate.jpa.internal.util.LogHelper [main] HHH000204: Processing PersistenceUnitInfo [
	name: default
	...]
2020-08-03 08:52:09,282 INFO org.hibernate.Version [main] HHH000412: Hibernate Core {5.2.17.Final}
2020-08-03 08:52:09,287 INFO org.hibernate.cfg.Environment [main] HHH000206: hibernate.properties not found
2020-08-03 08:52:09,425 INFO org.hibernate.annotations.common.reflection.java.JavaReflectionManager [main] HCANN000001: Hibernate Commons Annotations {5.0.1.Final}
2020-08-03 08:52:09,826 INFO org.hibernate.dialect.Dialect [main] HHH000400: Using dialect: org.hibernate.dialect.H2Dialect
2020-08-03 08:52:11,263 INFO org.hibernate.tool.schema.internal.SchemaCreatorImpl [main] HHH000476: Executing import script 'org.hibernate.tool.schema.internal.exec.ScriptSourceInputNonExistentImpl@2ed71727'
2020-08-03 08:52:11,273 INFO org.springframework.orm.jpa.AbstractEntityManagerFactoryBean [main] Initialized JPA EntityManagerFactory for persistence unit 'default'
2020-08-03 08:52:12,153 WARN org.springframework.cloud.netflix.archaius.ArchaiusAutoConfiguration [main] No spring.application.name found, defaulting to 'application'
2020-08-03 08:52:12,159 WARN com.netflix.config.sources.URLConfigurationSource [main] No URLs will be polled as dynamic configuration sources.
2020-08-03 08:52:12,159 INFO com.netflix.config.sources.URLConfigurationSource [main] To enable URLs as dynamic configuration sources, define System property archaius.configurationSource.additionalUrls or make config.properties available on classpath.
2020-08-03 08:52:12,169 WARN com.netflix.config.sources.URLConfigurationSource [main] No URLs will be polled as dynamic configuration sources.
2020-08-03 08:52:12,169 INFO com.netflix.config.sources.URLConfigurationSource [main] To enable URLs as dynamic configuration sources, define System property archaius.configurationSource.additionalUrls or make config.properties available on classpath.
2020-08-03 08:52:12,361 INFO org.springframework.web.servlet.handler.AbstractUrlHandlerMapping [main] Mapped URL path [/**/favicon.ico] onto handler of type [class org.springframework.web.servlet.resource.ResourceHttpRequestHandler]
2020-08-03 08:52:12,859 INFO org.springframework.web.servlet.mvc.method.annotation.RequestMappingHandlerAdapter [main] Looking for @ControllerAdvice: org.springframework.boot.web.servlet.context.AnnotationConfigServletWebServerApplicationContext@352c1b98: startup date [Mon Aug 03 08:52:03 SGT 2020]; parent: org.springframework.context.annotation.AnnotationConfigApplicationContext@1f2586d6
2020-08-03 08:52:12,934 WARN org.springframework.boot.autoconfigure.orm.jpa.JpaBaseConfiguration$JpaWebConfiguration$JpaWebMvcConfiguration [main] spring.jpa.open-in-view is enabled by default. Therefore, database queries may be performed during view rendering. Explicitly configure spring.jpa.open-in-view to disable this warning
2020-08-03 08:52:12,991 INFO org.springframework.web.servlet.handler.AbstractHandlerMethodMapping$MappingRegistry [main] Mapped "{[/books],methods=[POST]}" onto public java.lang.Object test.controller.BooksController.addBook(javax.servlet.http.HttpServletResponse,test.request.AddBookRequest) throws java.lang.Exception
2020-08-03 08:52:12,994 INFO org.springframework.web.servlet.handler.AbstractHandlerMethodMapping$MappingRegistry [main] Mapped "{[/books/{bookId}],methods=[DELETE]}" onto public java.lang.Object test.controller.BooksController.deleteFile(javax.servlet.http.HttpServletResponse,java.lang.Integer,java.lang.String) throws java.lang.Exception
2020-08-03 08:52:12,994 INFO org.springframework.web.servlet.handler.AbstractHandlerMethodMapping$MappingRegistry [main] Mapped "{[/books],methods=[GET]}" onto public org.springframework.http.ResponseEntity<test.response.GetBookTestResponse> test.controller.BooksController.readBook(javax.servlet.http.HttpServletResponse,java.lang.Integer)
2020-08-03 08:52:12,995 INFO org.springframework.web.servlet.handler.AbstractHandlerMethodMapping$MappingRegistry [main] Mapped "{[/books],methods=[PUT]}" onto public java.lang.Object test.controller.BooksController.updateBook(javax.servlet.http.HttpServletResponse,test.request.UpdateBookRequest) throws java.lang.Exception
2020-08-03 08:52:12,998 INFO org.springframework.web.servlet.handler.AbstractHandlerMethodMapping$MappingRegistry [main] Mapped "{[/users],methods=[POST]}" onto public java.lang.Object test.controller.UsersController.addUser(javax.servlet.http.HttpServletResponse,test.request.AddUserRequest) throws java.lang.Exception
2020-08-03 08:52:12,999 INFO org.springframework.web.servlet.handler.AbstractHandlerMethodMapping$MappingRegistry [main] Mapped "{[/users/{userId}/{deleteId}],methods=[DELETE]}" onto public java.lang.Object test.controller.UsersController.deleteUser(javax.servlet.http.HttpServletResponse,java.lang.Integer,java.lang.Integer) throws java.lang.Exception
2020-08-03 08:52:12,999 INFO org.springframework.web.servlet.handler.AbstractHandlerMethodMapping$MappingRegistry [main] Mapped "{[/users],methods=[PUT]}" onto public java.lang.Object test.controller.UsersController.updateUser(javax.servlet.http.HttpServletResponse,test.request.UpdateUserRequest) throws java.lang.Exception
2020-08-03 08:52:13,001 INFO org.springframework.web.servlet.handler.AbstractHandlerMethodMapping$MappingRegistry [main] Mapped "{[/users],methods=[GET]}" onto public java.lang.Object test.controller.UsersController.readUser(javax.servlet.http.HttpServletResponse,java.lang.Integer)
2020-08-03 08:52:13,005 INFO org.springframework.web.servlet.handler.AbstractHandlerMethodMapping$MappingRegistry [main] Mapped "{[/error]}" onto public org.springframework.http.ResponseEntity<java.util.Map<java.lang.String, java.lang.Object>> org.springframework.boot.autoconfigure.web.servlet.error.BasicErrorController.error(javax.servlet.http.HttpServletRequest)
2020-08-03 08:52:13,006 INFO org.springframework.web.servlet.handler.AbstractHandlerMethodMapping$MappingRegistry [main] Mapped "{[/error],produces=[text/html]}" onto public org.springframework.web.servlet.ModelAndView org.springframework.boot.autoconfigure.web.servlet.error.BasicErrorController.errorHtml(javax.servlet.http.HttpServletRequest,javax.servlet.http.HttpServletResponse)
2020-08-03 08:52:13,071 INFO org.springframework.web.servlet.handler.AbstractUrlHandlerMapping [main] Mapped URL path [/webjars/**] onto handler of type [class org.springframework.web.servlet.resource.ResourceHttpRequestHandler]
2020-08-03 08:52:13,072 INFO org.springframework.web.servlet.handler.AbstractUrlHandlerMapping [main] Mapped URL path [/**] onto handler of type [class org.springframework.web.servlet.resource.ResourceHttpRequestHandler]
2020-08-03 08:52:16,631 INFO org.springframework.cloud.commons.util.InetUtils [main] Cannot determine local hostname
2020-08-03 08:52:16,919 INFO org.springframework.jmx.export.MBeanExporter [main] Registering beans for JMX exposure on startup
2020-08-03 08:52:16,922 INFO org.springframework.jmx.export.MBeanExporter [main] Bean with name 'dataSource' has been autodetected for JMX exposure
2020-08-03 08:52:16,932 INFO org.springframework.jmx.export.MBeanExporter [main] Bean with name 'refreshScope' has been autodetected for JMX exposure
2020-08-03 08:52:16,935 INFO org.springframework.jmx.export.MBeanExporter [main] Bean with name 'configurationPropertiesRebinder' has been autodetected for JMX exposure
2020-08-03 08:52:16,936 INFO org.springframework.jmx.export.MBeanExporter [main] Bean with name 'environmentManager' has been autodetected for JMX exposure
2020-08-03 08:52:16,940 INFO org.springframework.jmx.export.MBeanExporter [main] Located managed bean 'environmentManager': registering with JMX server as MBean [org.springframework.cloud.context.environment:name=environmentManager,type=EnvironmentManager]
2020-08-03 08:52:16,961 INFO org.springframework.jmx.export.MBeanExporter [main] Located managed bean 'refreshScope': registering with JMX server as MBean [org.springframework.cloud.context.scope.refresh:name=refreshScope,type=RefreshScope]
2020-08-03 08:52:16,978 INFO org.springframework.jmx.export.MBeanExporter [main] Located managed bean 'configurationPropertiesRebinder': registering with JMX server as MBean [org.springframework.cloud.context.properties:name=configurationPropertiesRebinder,context=352c1b98,type=ConfigurationPropertiesRebinder]
2020-08-03 08:52:16,987 INFO org.springframework.jmx.export.MBeanExporter [main] Located MBean 'dataSource': registering with JMX server as MBean [com.zaxxer.hikari:name=dataSource,type=HikariDataSource]
2020-08-03 08:52:17,002 INFO org.apache.juli.logging.DirectJDKLog [main] Starting ProtocolHandler ["http-nio-8080"]
2020-08-03 08:52:17,035 INFO org.apache.juli.logging.DirectJDKLog [main] Using a shared selector for servlet write/read
2020-08-03 08:52:17,059 INFO org.springframework.boot.web.embedded.tomcat.TomcatWebServer [main] Tomcat started on port(s): 8080 (http) with context path ''
2020-08-03 08:52:17,064 INFO org.springframework.boot.StartupInfoLogger [main] Started App in 22.242 seconds (JVM running for 25.68)
2020-08-03 11:23:28,463 WARN com.zaxxer.hikari.pool.HikariPool$HouseKeeper [HikariPool-1 housekeeper] HikariPool-1 - Thread starvation or clock leap detected (housekeeper delta=26m19s258ms106µs100ns).
2020-08-03 11:24:09,898 INFO org.springframework.boot.admin.SpringApplicationAdminMXBeanRegistrar$SpringApplicationAdmin [RMI TCP Connection(2)-127.0.0.1] Application shutdown requested.
2020-08-03 11:24:09,898 INFO org.springframework.boot.admin.SpringApplicationAdminMXBeanRegistrar$SpringApplicationAdmin [RMI TCP Connection(3)-127.0.0.1] Application shutdown requested.
2020-08-03 11:24:09,904 INFO org.springframework.context.support.AbstractApplicationContext [RMI TCP Connection(3)-127.0.0.1] Closing org.springframework.boot.web.servlet.context.AnnotationConfigServletWebServerApplicationContext@352c1b98: startup date [Mon Aug 03 08:52:03 SGT 2020]; parent: org.springframework.context.annotation.AnnotationConfigApplicationContext@1f2586d6
2020-08-03 11:24:10,024 INFO org.springframework.jmx.export.MBeanExporter [RMI TCP Connection(3)-127.0.0.1] Unregistering JMX-exposed beans on shutdown
2020-08-03 11:24:10,028 INFO org.springframework.jmx.support.MBeanRegistrationSupport [RMI TCP Connection(3)-127.0.0.1] Unregistering JMX-exposed beans
2020-08-03 11:24:10,052 INFO org.springframework.orm.jpa.AbstractEntityManagerFactoryBean [RMI TCP Connection(3)-127.0.0.1] Closing JPA EntityManagerFactory for persistence unit 'default'
2020-08-03 11:24:10,072 INFO org.hibernate.tool.schema.internal.SchemaDropperImpl$DelayedDropActionImpl [RMI TCP Connection(3)-127.0.0.1] HHH000477: Starting delayed drop of schema as part of SessionFactory shut-down'
2020-08-03 11:24:10,140 INFO com.zaxxer.hikari.HikariDataSource [RMI TCP Connection(3)-127.0.0.1] HikariPool-1 - Shutdown initiated...
2020-08-03 11:24:10,168 INFO com.zaxxer.hikari.HikariDataSource [RMI TCP Connection(3)-127.0.0.1] HikariPool-1 - Shutdown completed.
2020-08-03 11:24:10,180 INFO org.apache.juli.logging.DirectJDKLog [RMI TCP Connection(3)-127.0.0.1] Pausing ProtocolHandler ["http-nio-8080"]
2020-08-03 11:24:10,928 INFO org.apache.juli.logging.DirectJDKLog [RMI TCP Connection(3)-127.0.0.1] Stopping service [Tomcat]
2020-08-03 11:24:10,997 INFO org.apache.juli.logging.DirectJDKLog [RMI TCP Connection(3)-127.0.0.1] Stopping ProtocolHandler ["http-nio-8080"]
2020-08-03 11:24:11,009 INFO org.apache.juli.logging.DirectJDKLog [RMI TCP Connection(3)-127.0.0.1] Destroying ProtocolHandler ["http-nio-8080"]
2020-08-03 16:49:57,568 INFO org.springframework.context.support.AbstractApplicationContext [main] Refreshing org.springframework.context.annotation.AnnotationConfigApplicationContext@40a4337a: startup date [Mon Aug 03 16:49:57 SGT 2020]; root of context hierarchy
2020-08-03 16:49:58,166 INFO org.springframework.beans.factory.annotation.AutowiredAnnotationBeanPostProcessor [main] JSR-330 'javax.inject.Inject' annotation found and supported for autowiring
2020-08-03 16:49:58,282 INFO org.springframework.context.support.PostProcessorRegistrationDelegate$BeanPostProcessorChecker [main] Bean 'configurationPropertiesRebinderAutoConfiguration' of type [org.springframework.cloud.autoconfigure.ConfigurationPropertiesRebinderAutoConfiguration$$EnhancerBySpringCGLIB$$b75434c9] is not eligible for getting processed by all BeanPostProcessors (for example: not eligible for auto-proxying)
2020-08-03 16:50:03,820 INFO org.springframework.boot.SpringApplication [main] No active profile set, falling back to default profiles: default
2020-08-03 16:50:03,840 INFO org.springframework.context.support.AbstractApplicationContext [main] Refreshing org.springframework.boot.web.servlet.context.AnnotationConfigServletWebServerApplicationContext@5e3d57c7: startup date [Mon Aug 03 16:50:03 SGT 2020]; parent: org.springframework.context.annotation.AnnotationConfigApplicationContext@40a4337a
2020-08-03 16:50:06,227 INFO org.springframework.beans.factory.support.DefaultListableBeanFactory [main] Overriding bean definition for bean 'dataSource' with a different definition: replacing [Root bean: class [null]; scope=refresh; abstract=false; lazyInit=false; autowireMode=3; dependencyCheck=0; autowireCandidate=false; primary=false; factoryBeanName=org.springframework.boot.autoconfigure.jdbc.DataSourceConfiguration$Hikari; factoryMethodName=dataSource; initMethodName=null; destroyMethodName=(inferred); defined in class path resource [org/springframework/boot/autoconfigure/jdbc/DataSourceConfiguration$Hikari.class]] with [Root bean: class [org.springframework.aop.scope.ScopedProxyFactoryBean]; scope=; abstract=false; lazyInit=false; autowireMode=0; dependencyCheck=0; autowireCandidate=true; primary=false; factoryBeanName=null; factoryMethodName=null; initMethodName=null; destroyMethodName=null; defined in BeanDefinition defined in class path resource [org/springframework/boot/autoconfigure/jdbc/DataSourceConfiguration$Hikari.class]]
2020-08-03 16:50:06,366 INFO org.springframework.cloud.context.scope.GenericScope [main] BeanFactory id=0880db99-e6af-3961-aa8c-d378a403f561
2020-08-03 16:50:06,401 INFO org.springframework.beans.factory.annotation.AutowiredAnnotationBeanPostProcessor [main] JSR-330 'javax.inject.Inject' annotation found and supported for autowiring
2020-08-03 16:50:06,553 INFO org.springframework.context.support.PostProcessorRegistrationDelegate$BeanPostProcessorChecker [main] Bean 'org.springframework.transaction.annotation.ProxyTransactionManagementConfiguration' of type [org.springframework.transaction.annotation.ProxyTransactionManagementConfiguration$$EnhancerBySpringCGLIB$$9b3a31cc] is not eligible for getting processed by all BeanPostProcessors (for example: not eligible for auto-proxying)
2020-08-03 16:50:06,639 INFO org.springframework.context.support.PostProcessorRegistrationDelegate$BeanPostProcessorChecker [main] Bean 'org.springframework.cloud.autoconfigure.ConfigurationPropertiesRebinderAutoConfiguration' of type [org.springframework.cloud.autoconfigure.ConfigurationPropertiesRebinderAutoConfiguration$$EnhancerBySpringCGLIB$$b75434c9] is not eligible for getting processed by all BeanPostProcessors (for example: not eligible for auto-proxying)
2020-08-03 16:50:07,199 INFO org.springframework.boot.web.embedded.tomcat.TomcatWebServer [main] Tomcat initialized with port(s): 8080 (http)
2020-08-03 16:50:07,234 INFO org.apache.juli.logging.DirectJDKLog [main] Initializing ProtocolHandler ["http-nio-8080"]
2020-08-03 16:50:07,258 INFO org.apache.juli.logging.DirectJDKLog [main] Starting service [Tomcat]
2020-08-03 16:50:07,259 INFO org.apache.juli.logging.DirectJDKLog [main] Starting Servlet Engine: Apache Tomcat/8.5.31
2020-08-03 16:50:07,271 INFO org.apache.juli.logging.DirectJDKLog [localhost-startStop-1] Loaded APR based Apache Tomcat Native library [1.2.17] using APR version [1.6.3].
2020-08-03 16:50:07,273 INFO org.apache.juli.logging.DirectJDKLog [localhost-startStop-1] APR capabilities: IPv6 [true], sendfile [true], accept filters [false], random [true].
2020-08-03 16:50:07,273 INFO org.apache.juli.logging.DirectJDKLog [localhost-startStop-1] APR/OpenSSL configuration: useAprConnector [false], useOpenSSL [true]
2020-08-03 16:50:08,432 INFO org.apache.juli.logging.DirectJDKLog [localhost-startStop-1] OpenSSL successfully initialized [OpenSSL 1.0.2o  27 Mar 2018]
2020-08-03 16:50:08,696 INFO org.apache.juli.logging.DirectJDKLog [localhost-startStop-1] Initializing Spring embedded WebApplicationContext
2020-08-03 16:50:08,697 INFO org.springframework.boot.web.servlet.context.ServletWebServerApplicationContext [localhost-startStop-1] Root WebApplicationContext: initialization completed in 4857 ms
2020-08-03 16:50:08,919 INFO org.springframework.boot.web.servlet.ServletRegistrationBean [localhost-startStop-1] Servlet dispatcherServlet mapped to [/]
2020-08-03 16:50:08,921 INFO org.springframework.boot.web.servlet.ServletRegistrationBean [localhost-startStop-1] Servlet webServlet mapped to [/h2/*]
2020-08-03 16:50:08,928 INFO org.springframework.boot.web.servlet.AbstractFilterRegistrationBean [localhost-startStop-1] Mapping filter: 'characterEncodingFilter' to: [/*]
2020-08-03 16:50:08,929 INFO org.springframework.boot.web.servlet.AbstractFilterRegistrationBean [localhost-startStop-1] Mapping filter: 'hiddenHttpMethodFilter' to: [/*]
2020-08-03 16:50:08,930 INFO org.springframework.boot.web.servlet.AbstractFilterRegistrationBean [localhost-startStop-1] Mapping filter: 'httpPutFormContentFilter' to: [/*]
2020-08-03 16:50:08,930 INFO org.springframework.boot.web.servlet.AbstractFilterRegistrationBean [localhost-startStop-1] Mapping filter: 'requestContextFilter' to: [/*]
2020-08-03 16:50:09,286 INFO com.zaxxer.hikari.HikariDataSource [main] HikariPool-1 - Starting...
2020-08-03 16:50:09,572 INFO com.zaxxer.hikari.HikariDataSource [main] HikariPool-1 - Start completed.
2020-08-03 16:50:09,807 INFO org.springframework.orm.jpa.LocalContainerEntityManagerFactoryBean [main] Building JPA container EntityManagerFactory for persistence unit 'default'
2020-08-03 16:50:09,838 INFO org.hibernate.jpa.internal.util.LogHelper [main] HHH000204: Processing PersistenceUnitInfo [
	name: default
	...]
2020-08-03 16:50:10,091 INFO org.hibernate.Version [main] HHH000412: Hibernate Core {5.2.17.Final}
2020-08-03 16:50:10,097 INFO org.hibernate.cfg.Environment [main] HHH000206: hibernate.properties not found
2020-08-03 16:50:10,332 INFO org.hibernate.annotations.common.reflection.java.JavaReflectionManager [main] HCANN000001: Hibernate Commons Annotations {5.0.1.Final}
2020-08-03 16:50:10,899 INFO org.hibernate.dialect.Dialect [main] HHH000400: Using dialect: org.hibernate.dialect.H2Dialect
2020-08-03 16:50:12,564 INFO org.hibernate.tool.schema.internal.SchemaCreatorImpl [main] HHH000476: Executing import script 'org.hibernate.tool.schema.internal.exec.ScriptSourceInputNonExistentImpl@78d71df1'
2020-08-03 16:50:12,575 INFO org.springframework.orm.jpa.AbstractEntityManagerFactoryBean [main] Initialized JPA EntityManagerFactory for persistence unit 'default'
2020-08-03 16:50:13,675 WARN org.springframework.cloud.netflix.archaius.ArchaiusAutoConfiguration [main] No spring.application.name found, defaulting to 'application'
2020-08-03 16:50:13,686 WARN com.netflix.config.sources.URLConfigurationSource [main] No URLs will be polled as dynamic configuration sources.
2020-08-03 16:50:13,687 INFO com.netflix.config.sources.URLConfigurationSource [main] To enable URLs as dynamic configuration sources, define System property archaius.configurationSource.additionalUrls or make config.properties available on classpath.
2020-08-03 16:50:13,701 WARN com.netflix.config.sources.URLConfigurationSource [main] No URLs will be polled as dynamic configuration sources.
2020-08-03 16:50:13,701 INFO com.netflix.config.sources.URLConfigurationSource [main] To enable URLs as dynamic configuration sources, define System property archaius.configurationSource.additionalUrls or make config.properties available on classpath.
2020-08-03 16:50:13,893 INFO org.springframework.web.servlet.handler.AbstractUrlHandlerMapping [main] Mapped URL path [/**/favicon.ico] onto handler of type [class org.springframework.web.servlet.resource.ResourceHttpRequestHandler]
2020-08-03 16:50:14,339 INFO org.springframework.web.servlet.mvc.method.annotation.RequestMappingHandlerAdapter [main] Looking for @ControllerAdvice: org.springframework.boot.web.servlet.context.AnnotationConfigServletWebServerApplicationContext@5e3d57c7: startup date [Mon Aug 03 16:50:03 SGT 2020]; parent: org.springframework.context.annotation.AnnotationConfigApplicationContext@40a4337a
2020-08-03 16:50:14,441 WARN org.springframework.boot.autoconfigure.orm.jpa.JpaBaseConfiguration$JpaWebConfiguration$JpaWebMvcConfiguration [main] spring.jpa.open-in-view is enabled by default. Therefore, database queries may be performed during view rendering. Explicitly configure spring.jpa.open-in-view to disable this warning
2020-08-03 16:50:14,531 INFO org.springframework.web.servlet.handler.AbstractHandlerMethodMapping$MappingRegistry [main] Mapped "{[/books/{bookId}],methods=[DELETE]}" onto public java.lang.Object test.controller.BooksController.deleteFile(javax.servlet.http.HttpServletResponse,java.lang.Integer,java.lang.String) throws java.lang.Exception
2020-08-03 16:50:14,534 INFO org.springframework.web.servlet.handler.AbstractHandlerMethodMapping$MappingRegistry [main] Mapped "{[/books],methods=[GET]}" onto public org.springframework.http.ResponseEntity<test.response.GetBookTestResponse> test.controller.BooksController.readBook(javax.servlet.http.HttpServletResponse,java.lang.Integer)
2020-08-03 16:50:14,535 INFO org.springframework.web.servlet.handler.AbstractHandlerMethodMapping$MappingRegistry [main] Mapped "{[/books],methods=[POST]}" onto public java.lang.Object test.controller.BooksController.addBook(javax.servlet.http.HttpServletResponse,test.request.AddBookRequest) throws java.lang.Exception
2020-08-03 16:50:14,536 INFO org.springframework.web.servlet.handler.AbstractHandlerMethodMapping$MappingRegistry [main] Mapped "{[/books/dates],methods=[GET]}" onto public java.lang.Object test.controller.BooksController.getDates(javax.servlet.http.HttpServletResponse)
2020-08-03 16:50:14,537 INFO org.springframework.web.servlet.handler.AbstractHandlerMethodMapping$MappingRegistry [main] Mapped "{[/books],methods=[PUT]}" onto public java.lang.Object test.controller.BooksController.updateBook(javax.servlet.http.HttpServletResponse,test.request.UpdateBookRequest) throws java.lang.Exception
2020-08-03 16:50:14,539 INFO org.springframework.web.servlet.handler.AbstractHandlerMethodMapping$MappingRegistry [main] Mapped "{[/users],methods=[POST]}" onto public java.lang.Object test.controller.UsersController.addUser(javax.servlet.http.HttpServletResponse,test.request.AddUserRequest) throws java.lang.Exception
2020-08-03 16:50:14,540 INFO org.springframework.web.servlet.handler.AbstractHandlerMethodMapping$MappingRegistry [main] Mapped "{[/users],methods=[GET]}" onto public java.lang.Object test.controller.UsersController.readUser(javax.servlet.http.HttpServletResponse,java.lang.Integer)
2020-08-03 16:50:14,541 INFO org.springframework.web.servlet.handler.AbstractHandlerMethodMapping$MappingRegistry [main] Mapped "{[/users/{userId}/{deleteId}],methods=[DELETE]}" onto public java.lang.Object test.controller.UsersController.deleteUser(javax.servlet.http.HttpServletResponse,java.lang.Integer,java.lang.Integer) throws java.lang.Exception
2020-08-03 16:50:14,542 INFO org.springframework.web.servlet.handler.AbstractHandlerMethodMapping$MappingRegistry [main] Mapped "{[/users],methods=[PUT]}" onto public java.lang.Object test.controller.UsersController.updateUser(javax.servlet.http.HttpServletResponse,test.request.UpdateUserRequest) throws java.lang.Exception
2020-08-03 16:50:14,548 INFO org.springframework.web.servlet.handler.AbstractHandlerMethodMapping$MappingRegistry [main] Mapped "{[/error]}" onto public org.springframework.http.ResponseEntity<java.util.Map<java.lang.String, java.lang.Object>> org.springframework.boot.autoconfigure.web.servlet.error.BasicErrorController.error(javax.servlet.http.HttpServletRequest)
2020-08-03 16:50:14,550 INFO org.springframework.web.servlet.handler.AbstractHandlerMethodMapping$MappingRegistry [main] Mapped "{[/error],produces=[text/html]}" onto public org.springframework.web.servlet.ModelAndView org.springframework.boot.autoconfigure.web.servlet.error.BasicErrorController.errorHtml(javax.servlet.http.HttpServletRequest,javax.servlet.http.HttpServletResponse)
2020-08-03 16:50:14,611 INFO org.springframework.web.servlet.handler.AbstractUrlHandlerMapping [main] Mapped URL path [/webjars/**] onto handler of type [class org.springframework.web.servlet.resource.ResourceHttpRequestHandler]
2020-08-03 16:50:14,612 INFO org.springframework.web.servlet.handler.AbstractUrlHandlerMapping [main] Mapped URL path [/**] onto handler of type [class org.springframework.web.servlet.resource.ResourceHttpRequestHandler]
2020-08-03 16:50:19,521 INFO org.springframework.cloud.commons.util.InetUtils [main] Cannot determine local hostname
2020-08-03 16:50:20,004 INFO org.springframework.jmx.export.MBeanExporter [main] Registering beans for JMX exposure on startup
2020-08-03 16:50:20,007 INFO org.springframework.jmx.export.MBeanExporter [main] Bean with name 'dataSource' has been autodetected for JMX exposure
2020-08-03 16:50:20,021 INFO org.springframework.jmx.export.MBeanExporter [main] Bean with name 'refreshScope' has been autodetected for JMX exposure
2020-08-03 16:50:20,024 INFO org.springframework.jmx.export.MBeanExporter [main] Bean with name 'configurationPropertiesRebinder' has been autodetected for JMX exposure
2020-08-03 16:50:20,025 INFO org.springframework.jmx.export.MBeanExporter [main] Bean with name 'environmentManager' has been autodetected for JMX exposure
2020-08-03 16:50:20,031 INFO org.springframework.jmx.export.MBeanExporter [main] Located managed bean 'environmentManager': registering with JMX server as MBean [org.springframework.cloud.context.environment:name=environmentManager,type=EnvironmentManager]
2020-08-03 16:50:20,062 INFO org.springframework.jmx.export.MBeanExporter [main] Located managed bean 'refreshScope': registering with JMX server as MBean [org.springframework.cloud.context.scope.refresh:name=refreshScope,type=RefreshScope]
2020-08-03 16:50:20,080 INFO org.springframework.jmx.export.MBeanExporter [main] Located managed bean 'configurationPropertiesRebinder': registering with JMX server as MBean [org.springframework.cloud.context.properties:name=configurationPropertiesRebinder,context=5e3d57c7,type=ConfigurationPropertiesRebinder]
2020-08-03 16:50:20,091 INFO org.springframework.jmx.export.MBeanExporter [main] Located MBean 'dataSource': registering with JMX server as MBean [com.zaxxer.hikari:name=dataSource,type=HikariDataSource]
2020-08-03 16:50:20,115 INFO org.apache.juli.logging.DirectJDKLog [main] Starting ProtocolHandler ["http-nio-8080"]
2020-08-03 16:50:20,166 INFO org.apache.juli.logging.DirectJDKLog [main] Using a shared selector for servlet write/read
2020-08-03 16:50:20,205 INFO org.springframework.boot.web.embedded.tomcat.TomcatWebServer [main] Tomcat started on port(s): 8080 (http) with context path ''
2020-08-03 16:50:20,213 INFO org.springframework.boot.StartupInfoLogger [main] Started App in 28.562 seconds (JVM running for 33.485)
2020-08-03 16:50:51,479 INFO org.apache.juli.logging.DirectJDKLog [http-nio-8080-exec-1] Initializing Spring FrameworkServlet 'dispatcherServlet'
2020-08-03 16:50:51,480 INFO org.springframework.web.servlet.FrameworkServlet [http-nio-8080-exec-1] FrameworkServlet 'dispatcherServlet': initialization started
2020-08-03 16:50:51,516 INFO org.springframework.web.servlet.FrameworkServlet [http-nio-8080-exec-1] FrameworkServlet 'dispatcherServlet': initialization completed in 36 ms
2020-08-03 16:52:26,426 INFO org.springframework.boot.admin.SpringApplicationAdminMXBeanRegistrar$SpringApplicationAdmin [RMI TCP Connection(2)-127.0.0.1] Application shutdown requested.
2020-08-03 16:52:26,427 INFO org.springframework.context.support.AbstractApplicationContext [RMI TCP Connection(2)-127.0.0.1] Closing org.springframework.boot.web.servlet.context.AnnotationConfigServletWebServerApplicationContext@5e3d57c7: startup date [Mon Aug 03 16:50:03 SGT 2020]; parent: org.springframework.context.annotation.AnnotationConfigApplicationContext@40a4337a
2020-08-03 16:52:26,433 INFO org.springframework.jmx.export.MBeanExporter [RMI TCP Connection(2)-127.0.0.1] Unregistering JMX-exposed beans on shutdown
2020-08-03 16:52:26,435 INFO org.springframework.jmx.support.MBeanRegistrationSupport [RMI TCP Connection(2)-127.0.0.1] Unregistering JMX-exposed beans
2020-08-03 16:52:26,442 INFO org.springframework.orm.jpa.AbstractEntityManagerFactoryBean [RMI TCP Connection(2)-127.0.0.1] Closing JPA EntityManagerFactory for persistence unit 'default'
2020-08-03 16:52:26,444 INFO org.hibernate.tool.schema.internal.SchemaDropperImpl$DelayedDropActionImpl [RMI TCP Connection(2)-127.0.0.1] HHH000477: Starting delayed drop of schema as part of SessionFactory shut-down'
2020-08-03 16:52:26,458 INFO com.zaxxer.hikari.HikariDataSource [RMI TCP Connection(2)-127.0.0.1] HikariPool-1 - Shutdown initiated...
2020-08-03 16:52:26,476 INFO com.zaxxer.hikari.HikariDataSource [RMI TCP Connection(2)-127.0.0.1] HikariPool-1 - Shutdown completed.
2020-08-03 16:52:26,478 INFO org.apache.juli.logging.DirectJDKLog [RMI TCP Connection(2)-127.0.0.1] Pausing ProtocolHandler ["http-nio-8080"]
